0 info it worked if it ends with ok
1 verbose cli [ '/usr/bin/node', '/usr/bin/npm', 'run', 'dev' ]
2 info using npm@3.5.2
3 info using node@v8.10.0
4 verbose run-script [ 'predev', 'dev', 'postdev' ]
5 info lifecycle my-app@0.0.1~predev: my-app@0.0.1
6 silly lifecycle my-app@0.0.1~predev: no script for predev, continuing
7 info lifecycle my-app@0.0.1~dev: my-app@0.0.1
8 verbose lifecycle my-app@0.0.1~dev: unsafe-perm in lifecycle true
9 verbose lifecycle my-app@0.0.1~dev: PATH: /usr/share/npm/bin/node-gyp-bin:/home/labber/hedera/HederaStone/my-app/node_modules/.bin:/home/labber/.rvm/gems/ruby-3.1.1/bin:/home/labber/.rvm/gems/ruby-3.1.1@global/bin:/home/labber/.rvm/rubies/ruby-3.1.1/bin:/home/labber/.nvm/versions/node/v12.22.12/bin:/usr/local/sbin:/usr/local/bin:/usr/sbin:/usr/bin:/sbin:/bin:/usr/games:/usr/local/games:/usr/lib/wsl/lib:/mnt/c/Program Files (x86)/Razer Chroma SDK/bin:/mnt/c/Program Files/Razer Chroma SDK/bin:/mnt/c/Program Files (x86)/Razer/ChromaBroadcast/bin:/mnt/c/Program Files/Razer/ChromaBroadcast/bin:/mnt/c/Windows/system32:/mnt/c/Windows:/mnt/c/Windows/System32/Wbem:/mnt/c/Windows/System32/WindowsPowerShell/v1.0/:/mnt/c/Windows/System32/OpenSSH/:/mnt/c/Program Files (x86)/NVIDIA Corporation/PhysX/Common:/mnt/c/Program Files/NVIDIA Corporation/NVIDIA NvDLISR:/mnt/c/Windows/system32/config/systemprofile/AppData/Local/Microsoft/WindowsApps:/mnt/c/WINDOWS/system32:/mnt/c/WINDOWS:/mnt/c/WINDOWS/System32/Wbem:/mnt/c/WINDOWS/System32/WindowsPowerShell/v1.0/:/mnt/c/WINDOWS/System32/OpenSSH/:/mnt/c/Program Files/dotnet/:/mnt/c/Users/W33x/AppData/Local/Microsoft/WindowsApps:/mnt/d/Program Files (x86)/CODING/Microsoft VS Code/bin:/snap/bin:/home/labber/.rvm/bin:/home/labber/.rvm/bin
10 verbose lifecycle my-app@0.0.1~dev: CWD: /home/labber/hedera/HederaStone/my-app
11 silly lifecycle my-app@0.0.1~dev: Args: [ '-c', 'vite dev' ]
12 silly lifecycle my-app@0.0.1~dev: Returned: code: 1  signal: null
13 info lifecycle my-app@0.0.1~dev: Failed to exec dev script
14 verbose stack Error: my-app@0.0.1 dev: `vite dev`
14 verbose stack Exit status 1
14 verbose stack     at EventEmitter.<anonymous> (/usr/share/npm/lib/utils/lifecycle.js:232:16)
14 verbose stack     at emitTwo (events.js:126:13)
14 verbose stack     at EventEmitter.emit (events.js:214:7)
14 verbose stack     at ChildProcess.<anonymous> (/usr/share/npm/lib/utils/spawn.js:24:14)
14 verbose stack     at emitTwo (events.js:126:13)
14 verbose stack     at ChildProcess.emit (events.js:214:7)
14 verbose stack     at maybeClose (internal/child_process.js:925:16)
14 verbose stack     at Process.ChildProcess._handle.onexit (internal/child_process.js:209:5)
15 verbose pkgid my-app@0.0.1
16 verbose cwd /home/labber/hedera/HederaStone/my-app
17 error Linux 5.15.90.1-microsoft-standard-WSL2
18 error argv "/usr/bin/node" "/usr/bin/npm" "run" "dev"
19 error node v8.10.0
20 error npm  v3.5.2
21 error code ELIFECYCLE
22 error my-app@0.0.1 dev: `vite dev`
22 error Exit status 1
23 error Failed at the my-app@0.0.1 dev script 'vite dev'.
23 error Make sure you have the latest version of node.js and npm installed.
23 error If you do, this is most likely a problem with the my-app package,
23 error not with npm itself.
23 error Tell the author that this fails on your system:
23 error     vite dev
23 error You can get information on how to open an issue for this project with:
23 error     npm bugs my-app
23 error Or if that isn't available, you can get their info via:
23 error     npm owner ls my-app
23 error There is likely additional logging output above.
24 verbose exit [ 1, true ]
